InstrumentedTesting/app/build/intermediates/manifest_merge_blame_file/debug/manifest-merger-blame-debug-report.txt
1<?xml version="1.0" encoding="utf-8"?>
2<!--
3~ Copyright (C) 2015 The Android Open Source Project
4~
5~ Licensed under the Apache License, Version 2.0 (the "License");
6~ you may not use this file except in compliance with the License.
7~ You may obtain a copy of the License at
8~
9~   http://www.apache.org/licenses/LICENSE-2.0
10~
11~ Unless required by applicable law or agreed to in writing, software
12~ distributed under the License is distributed on an "AS IS" BASIS,
13~ WITHOUT WARRANTIES OR CONDITIONS OF ANY KIND, either express or implied.
14~ See the License for the specific language governing permissions and
15~ limitations under the License.
16-->
17<manifest xmlns:android="http://schemas.android.com/apk/res/android"
18    package="com.example.android.testing.espresso.BasicSample"
19    android:versionCode="1"
20    android:versionName="1.0" >
21
22    <uses-sdk
23        android:minSdkVersion="14"
23-->src\main\AndroidManifest.xml
24        android:targetSdkVersion="32" />
24-->src\main\AndroidManifest.xml
25
26    <application
26-->src\main\AndroidManifest.xml:21:5-35:19
27        android:debuggable="true"
28        android:icon="@drawable/ic_launcher"
28-->src\main\AndroidManifest.xml:22:9-45
29        android:label="@string/app_name"
29-->src\main\AndroidManifest.xml:23:9-41
30        android:testOnly="true"
31        android:theme="@style/AppTheme" >
31-->src\main\AndroidManifest.xml:24:9-40
32        <activity
32-->src\main\AndroidManifest.xml:25:9-33:20
33            android:name="com.example.android.testing.espresso.BasicSample.MainActivity"
33-->src\main\AndroidManifest.xml:26:13-89
34            android:exported="true"
34-->src\main\AndroidManifest.xml:28:13-36
35            android:label="@string/app_name" >
35-->src\main\AndroidManifest.xml:27:13-45
36            <intent-filter>
36-->src\main\AndroidManifest.xml:29:13-32:29
37                <action android:name="android.intent.action.MAIN" />
37-->src\main\AndroidManifest.xml:30:17-69
37-->src\main\AndroidManifest.xml:30:25-66
38
39                <category android:name="android.intent.category.LAUNCHER" />
39-->src\main\AndroidManifest.xml:31:17-77
39-->src\main\AndroidManifest.xml:31:27-74
40            </intent-filter>
41        </activity>
42        <activity android:name="com.example.android.testing.espresso.BasicSample.ShowTextActivity" />
42-->src\main\AndroidManifest.xml:34:9-101
42-->src\main\AndroidManifest.xml:34:19-99
43    </application>
44
45</manifest>